C:\USERS\BOOLZHU\DOWNLOADS\ASSIGNMENT5(1)\ASSIGNMENT5\LIBST\LIB\DEBUG\LIBST.LIB
C:\Users\boolzhu\Downloads\assignment5(1)\assignment5\libst\vc2008\Debug\cl.command.1.tlog
C:\Users\boolzhu\Downloads\assignment5(1)\assignment5\libst\vc2008\Debug\CL.read.1.tlog
C:\Users\boolzhu\Downloads\assignment5(1)\assignment5\libst\vc2008\Debug\CL.write.1.tlog
C:\Users\boolzhu\Downloads\assignment5(1)\assignment5\libst\vc2008\Debug\lib.command.1.tlog
C:\Users\boolzhu\Downloads\assignment5(1)\assignment5\libst\vc2008\Debug\Lib-link.read.1.tlog
C:\Users\boolzhu\Downloads\assignment5(1)\assignment5\libst\vc2008\Debug\Lib-link.write.1.tlog
C:\USERS\BOOLZHU\DOWNLOADS\ASSIGNMENT5(1)\ASSIGNMENT5\LIBST\VC2008\DEBUG\STCOLOR3F.OBJ
C:\USERS\BOOLZHU\DOWNLOADS\ASSIGNMENT5(1)\ASSIGNMENT5\LIBST\VC2008\DEBUG\STCOLOR4F.OBJ
C:\USERS\BOOLZHU\DOWNLOADS\ASSIGNMENT5(1)\ASSIGNMENT5\LIBST\VC2008\DEBUG\STCOLOR4UB.OBJ
C:\USERS\BOOLZHU\DOWNLOADS\ASSIGNMENT5(1)\ASSIGNMENT5\LIBST\VC2008\DEBUG\STFONT.OBJ
C:\USERS\BOOLZHU\DOWNLOADS\ASSIGNMENT5(1)\ASSIGNMENT5\LIBST\VC2008\DEBUG\STIMAGE.OBJ
C:\USERS\BOOLZHU\DOWNLOADS\ASSIGNMENT5(1)\ASSIGNMENT5\LIBST\VC2008\DEBUG\STIMAGE_JPEG.OBJ
C:\USERS\BOOLZHU\DOWNLOADS\ASSIGNMENT5(1)\ASSIGNMENT5\LIBST\VC2008\DEBUG\STIMAGE_PNG.OBJ
C:\USERS\BOOLZHU\DOWNLOADS\ASSIGNMENT5(1)\ASSIGNMENT5\LIBST\VC2008\DEBUG\STIMAGE_PPM.OBJ
C:\USERS\BOOLZHU\DOWNLOADS\ASSIGNMENT5(1)\ASSIGNMENT5\LIBST\VC2008\DEBUG\STJOYSTICK.OBJ
C:\USERS\BOOLZHU\DOWNLOADS\ASSIGNMENT5(1)\ASSIGNMENT5\LIBST\VC2008\DEBUG\STJOYSTICK_WIN32.OBJ
C:\USERS\BOOLZHU\DOWNLOADS\ASSIGNMENT5(1)\ASSIGNMENT5\LIBST\VC2008\DEBUG\STPOINT2.OBJ
C:\USERS\BOOLZHU\DOWNLOADS\ASSIGNMENT5(1)\ASSIGNMENT5\LIBST\VC2008\DEBUG\STPOINT3.OBJ
C:\USERS\BOOLZHU\DOWNLOADS\ASSIGNMENT5(1)\ASSIGNMENT5\LIBST\VC2008\DEBUG\STSHADERPROGRAM.OBJ
C:\USERS\BOOLZHU\DOWNLOADS\ASSIGNMENT5(1)\ASSIGNMENT5\LIBST\VC2008\DEBUG\STSHAPE.OBJ
C:\USERS\BOOLZHU\DOWNLOADS\ASSIGNMENT5(1)\ASSIGNMENT5\LIBST\VC2008\DEBUG\STTEXTURE.OBJ
C:\USERS\BOOLZHU\DOWNLOADS\ASSIGNMENT5(1)\ASSIGNMENT5\LIBST\VC2008\DEBUG\STTIMER.OBJ
C:\USERS\BOOLZHU\DOWNLOADS\ASSIGNMENT5(1)\ASSIGNMENT5\LIBST\VC2008\DEBUG\STVECTOR2.OBJ
C:\USERS\BOOLZHU\DOWNLOADS\ASSIGNMENT5(1)\ASSIGNMENT5\LIBST\VC2008\DEBUG\STVECTOR3.OBJ
C:\Users\boolzhu\Downloads\assignment5(1)\assignment5\libst\vc2008\Debug\vc100.idb
C:\USERS\BOOLZHU\DOWNLOADS\ASSIGNMENT5(1)\ASSIGNMENT5\LIBST\VC2008\DEBUG\VC100.PDB
