C:\USERS\BOOLZHU\DOWNLOADS\ASSIGNMENT5(1)\ASSIGNMENT5\LIBST\LIB\RELEASE\LIBST.LIB
C:\Users\boolzhu\Downloads\assignment5(1)\assignment5\libst\vc2008\Release\cl.command.1.tlog
C:\Users\boolzhu\Downloads\assignment5(1)\assignment5\libst\vc2008\Release\CL.read.1.tlog
C:\Users\boolzhu\Downloads\assignment5(1)\assignment5\libst\vc2008\Release\CL.write.1.tlog
C:\Users\boolzhu\Downloads\assignment5(1)\assignment5\libst\vc2008\Release\lib.command.1.tlog
C:\Users\boolzhu\Downloads\assignment5(1)\assignment5\libst\vc2008\Release\Lib-link.read.1.tlog
C:\Users\boolzhu\Downloads\assignment5(1)\assignment5\libst\vc2008\Release\Lib-link.write.1.tlog
C:\USERS\BOOLZHU\DOWNLOADS\ASSIGNMENT5(1)\ASSIGNMENT5\LIBST\VC2008\RELEASE\STCOLOR3F.OBJ
C:\USERS\BOOLZHU\DOWNLOADS\ASSIGNMENT5(1)\ASSIGNMENT5\LIBST\VC2008\RELEASE\STCOLOR4F.OBJ
C:\USERS\BOOLZHU\DOWNLOADS\ASSIGNMENT5(1)\ASSIGNMENT5\LIBST\VC2008\RELEASE\STCOLOR4UB.OBJ
C:\USERS\BOOLZHU\DOWNLOADS\ASSIGNMENT5(1)\ASSIGNMENT5\LIBST\VC2008\RELEASE\STFONT.OBJ
C:\USERS\BOOLZHU\DOWNLOADS\ASSIGNMENT5(1)\ASSIGNMENT5\LIBST\VC2008\RELEASE\STIMAGE.OBJ
C:\USERS\BOOLZHU\DOWNLOADS\ASSIGNMENT5(1)\ASSIGNMENT5\LIBST\VC2008\RELEASE\STIMAGE_JPEG.OBJ
C:\USERS\BOOLZHU\DOWNLOADS\ASSIGNMENT5(1)\ASSIGNMENT5\LIBST\VC2008\RELEASE\STIMAGE_PNG.OBJ
C:\USERS\BOOLZHU\DOWNLOADS\ASSIGNMENT5(1)\ASSIGNMENT5\LIBST\VC2008\RELEASE\STIMAGE_PPM.OBJ
C:\USERS\BOOLZHU\DOWNLOADS\ASSIGNMENT5(1)\ASSIGNMENT5\LIBST\VC2008\RELEASE\STJOYSTICK.OBJ
C:\USERS\BOOLZHU\DOWNLOADS\ASSIGNMENT5(1)\ASSIGNMENT5\LIBST\VC2008\RELEASE\STJOYSTICK_WIN32.OBJ
C:\USERS\BOOLZHU\DOWNLOADS\ASSIGNMENT5(1)\ASSIGNMENT5\LIBST\VC2008\RELEASE\STPOINT2.OBJ
C:\USERS\BOOLZHU\DOWNLOADS\ASSIGNMENT5(1)\ASSIGNMENT5\LIBST\VC2008\RELEASE\STPOINT3.OBJ
C:\USERS\BOOLZHU\DOWNLOADS\ASSIGNMENT5(1)\ASSIGNMENT5\LIBST\VC2008\RELEASE\STSHADERPROGRAM.OBJ
C:\USERS\BOOLZHU\DOWNLOADS\ASSIGNMENT5(1)\ASSIGNMENT5\LIBST\VC2008\RELEASE\STSHAPE.OBJ
C:\USERS\BOOLZHU\DOWNLOADS\ASSIGNMENT5(1)\ASSIGNMENT5\LIBST\VC2008\RELEASE\STTEXTURE.OBJ
C:\USERS\BOOLZHU\DOWNLOADS\ASSIGNMENT5(1)\ASSIGNMENT5\LIBST\VC2008\RELEASE\STTIMER.OBJ
C:\USERS\BOOLZHU\DOWNLOADS\ASSIGNMENT5(1)\ASSIGNMENT5\LIBST\VC2008\RELEASE\STVECTOR2.OBJ
C:\USERS\BOOLZHU\DOWNLOADS\ASSIGNMENT5(1)\ASSIGNMENT5\LIBST\VC2008\RELEASE\STVECTOR3.OBJ
C:\USERS\BOOLZHU\DOWNLOADS\ASSIGNMENT5(1)\ASSIGNMENT5\LIBST\VC2008\RELEASE\VC100.PDB
